
Showing logs for build [32mjstrachan-environment-jstrachan-5wlm9-1[0m stage [32mfrom-build-pack[0m and container [32mstep-credential-initializer-vjfkh[0m
{"level":"warn","ts":1574189295.161564,"logger":"fallback-logger","caller":"logging/config.go:69","msg":"Fetch GitHub commit ID from kodata failed: \"ref: refs/heads/master\" is not a valid GitHub commit ID"}
{"level":"info","ts":1574189295.1627138,"logger":"fallback-logger","caller":"creds-init/main.go:40","msg":"Credentials initialized."}

Showing logs for build [32mjstrachan-environment-jstrachan-5wlm9-1[0m stage [32mfrom-build-pack[0m and container [32mstep-working-dir-initializer-dfqn9[0m
{"level":"warn","ts":1574189296.2125726,"logger":"fallback-logger","caller":"logging/config.go:69","msg":"Fetch GitHub commit ID from kodata failed: open /var/run/ko/HEAD: no such file or directory"}
{"level":"info","ts":1574189296.2167585,"logger":"fallback-logger","caller":"bash/main.go:65","msg":"Successfully executed command \"mkdir -p /workspace/source\""}

Showing logs for build [32mjstrachan-environment-jstrachan-5wlm9-1[0m stage [32mfrom-build-pack[0m and container [32mstep-place-tools[0m

Showing logs for build [32mjstrachan-environment-jstrachan-5wlm9-1[0m stage [32mfrom-build-pack[0m and container [32mstep-git-source-jstrachan-environment-jstrachan-2xfwt[0m
{"level":"warn","ts":1574189301.596659,"logger":"fallback-logger","caller":"logging/config.go:69","msg":"Fetch GitHub commit ID from kodata failed: \"ref: refs/heads/master\" is not a valid GitHub commit ID"}
{"level":"info","ts":1574189302.125289,"logger":"fallback-logger","caller":"git/git.go:102","msg":"Successfully cloned https://github.com/*********/environment-*********-prow-staging.git @ master in path /workspace/source"}

Showing logs for build [32mjstrachan-environment-jstrachan-5wlm9-1[0m stage [32mfrom-build-pack[0m and container [32mstep-git-merge[0m
Using SHAs from PULL_REFS=master:721901a185ceb8a5bd042cfcf9b81052cf931d48,3:c1ad9cd2192daf30bd2438335c8dc583dfad710a
DEBUG: ran git fetch --unshallow origin c1ad9cd2192daf30bd2438335c8dc583dfad710a: 721901a185ceb8a5bd042cfcf9b81052cf931d48: in 
DEBUG: ran git checkout master in 
DEBUG: ran git reset --hard 721901a185ceb8a5bd042cfcf9b81052cf931d48 in 
DEBUG: ran clean --force -d . in 
DEBUG: ran git merge c1ad9cd2192daf30bd2438335c8dc583dfad710a in 
Merged SHA c1ad9cd2192daf30bd2438335c8dc583dfad710a with commit message 'chore: Promote nodey246 to version 0.0.1' into base branch master

Showing logs for build [32mjstrachan-environment-jstrachan-5wlm9-1[0m stage [32mfrom-build-pack[0m and container [32mstep-build-helm-build[0m
WARNING: No $CHART_REPOSITORY defined so using the default value of: http://jenkins-x-chartmuseum:8080
Adding missing Helm repo: storage.googleapis.com https://storage.googleapis.com/chartmuseum.jenkins-x.io
Successfully added Helm repository storage.googleapis.com.
Adding missing Helm repo: jenkins-x-chartmuseum http://jenkins-x-chartmuseum:8080
Successfully added Helm repository jenkins-x-chartmuseum.
WARNING: No $CHART_REPOSITORY defined so using the default value of: http://jenkins-x-chartmuseum:8080
Adding missing Helm repo: chartmuseum.jenkins-x.io http://chartmuseum.jenkins-x.io
Successfully added Helm repository chartmuseum.jenkins-x.io.
