
Showing logs for build [32mjstrachan-environment-jstrachan-dkv5c-1[0m stage [32mfrom-build-pack[0m and container [32mstep-credential-initializer-p6wjp[0m
{"level":"warn","ts":1574189547.0815606,"logger":"fallback-logger","caller":"logging/config.go:69","msg":"Fetch GitHub commit ID from kodata failed: \"ref: refs/heads/master\" is not a valid GitHub commit ID"}
{"level":"info","ts":1574189547.0824292,"logger":"fallback-logger","caller":"creds-init/main.go:40","msg":"Credentials initialized."}

Showing logs for build [32mjstrachan-environment-jstrachan-dkv5c-1[0m stage [32mfrom-build-pack[0m and container [32mstep-working-dir-initializer-jbdkc[0m
{"level":"warn","ts":1574189548.2347164,"logger":"fallback-logger","caller":"logging/config.go:69","msg":"Fetch GitHub commit ID from kodata failed: open /var/run/ko/HEAD: no such file or directory"}
{"level":"info","ts":1574189548.240112,"logger":"fallback-logger","caller":"bash/main.go:65","msg":"Successfully executed command \"mkdir -p /workspace/source\""}

Showing logs for build [32mjstrachan-environment-jstrachan-dkv5c-1[0m stage [32mfrom-build-pack[0m and container [32mstep-place-tools[0m

Showing logs for build [32mjstrachan-environment-jstrachan-dkv5c-1[0m stage [32mfrom-build-pack[0m and container [32mstep-git-source-jstrachan-environment-jstrachan-bwnvh[0m
{"level":"warn","ts":1574189555.9464202,"logger":"fallback-logger","caller":"logging/config.go:69","msg":"Fetch GitHub commit ID from kodata failed: \"ref: refs/heads/master\" is not a valid GitHub commit ID"}
{"level":"info","ts":1574189556.5486858,"logger":"fallback-logger","caller":"git/git.go:102","msg":"Successfully cloned https://github.com/*********/environment-*********-prow-staging.git @ master in path /workspace/source"}

Showing logs for build [32mjstrachan-environment-jstrachan-dkv5c-1[0m stage [32mfrom-build-pack[0m and container [32mstep-git-merge[0m
Using SHAs from PULL_REFS=master:b8b734d8b04091c13755dde6d2ed899963d8a355,4:91315ae3a4e3e898be342cc12fa0ff6bfff6f639
DEBUG: ran git fetch --unshallow origin 91315ae3a4e3e898be342cc12fa0ff6bfff6f639: b8b734d8b04091c13755dde6d2ed899963d8a355: in 
DEBUG: ran git checkout master in 
DEBUG: ran git reset --hard b8b734d8b04091c13755dde6d2ed899963d8a355 in 
DEBUG: ran clean --force -d . in 
DEBUG: ran git merge 91315ae3a4e3e898be342cc12fa0ff6bfff6f639 in 
Merged SHA 91315ae3a4e3e898be342cc12fa0ff6bfff6f639 with commit message 'chore: Promote sandiegorocks to version 0.0.1' into base branch master

Showing logs for build [32mjstrachan-environment-jstrachan-dkv5c-1[0m stage [32mfrom-build-pack[0m and container [32mstep-build-helm-build[0m
WARNING: No $CHART_REPOSITORY defined so using the default value of: http://jenkins-x-chartmuseum:8080
Adding missing Helm repo: storage.googleapis.com https://storage.googleapis.com/chartmuseum.jenkins-x.io
Successfully added Helm repository storage.googleapis.com.
Adding missing Helm repo: jenkins-x-chartmuseum http://jenkins-x-chartmuseum:8080
Successfully added Helm repository jenkins-x-chartmuseum.
WARNING: No $CHART_REPOSITORY defined so using the default value of: http://jenkins-x-chartmuseum:8080
Adding missing Helm repo: chartmuseum.jenkins-x.io http://chartmuseum.jenkins-x.io
Successfully added Helm repository chartmuseum.jenkins-x.io.
