
Showing logs for build [32mjstrachan-environment-jstrachan-bs4tz-1[0m stage [32mfrom-build-pack[0m and container [32mstep-credential-initializer-t2ts7[0m
{"level":"warn","ts":1574188518.6664953,"logger":"fallback-logger","caller":"logging/config.go:69","msg":"Fetch GitHub commit ID from kodata failed: \"ref: refs/heads/master\" is not a valid GitHub commit ID"}
{"level":"info","ts":1574188518.6674647,"logger":"fallback-logger","caller":"creds-init/main.go:40","msg":"Credentials initialized."}

Showing logs for build [32mjstrachan-environment-jstrachan-bs4tz-1[0m stage [32mfrom-build-pack[0m and container [32mstep-working-dir-initializer-p7drc[0m
{"level":"warn","ts":1574188520.071824,"logger":"fallback-logger","caller":"logging/config.go:69","msg":"Fetch GitHub commit ID from kodata failed: open /var/run/ko/HEAD: no such file or directory"}
{"level":"info","ts":1574188520.0735457,"logger":"fallback-logger","caller":"bash/main.go:65","msg":"Successfully executed command \"mkdir -p /workspace/source\""}

Showing logs for build [32mjstrachan-environment-jstrachan-bs4tz-1[0m stage [32mfrom-build-pack[0m and container [32mstep-place-tools[0m

Showing logs for build [32mjstrachan-environment-jstrachan-bs4tz-1[0m stage [32mfrom-build-pack[0m and container [32mstep-git-source-jstrachan-environment-jstrachan-rl4n6[0m
{"level":"warn","ts":1574188525.276684,"logger":"fallback-logger","caller":"logging/config.go:69","msg":"Fetch GitHub commit ID from kodata failed: \"ref: refs/heads/master\" is not a valid GitHub commit ID"}
{"level":"info","ts":1574188525.9792228,"logger":"fallback-logger","caller":"git/git.go:102","msg":"Successfully cloned https://github.com/*********/environment-*********-prow-staging.git @ v0.0.1 in path /workspace/source"}

Showing logs for build [32mjstrachan-environment-jstrachan-bs4tz-1[0m stage [32mfrom-build-pack[0m and container [32mstep-git-merge[0m
Using SHAs from PULL_REFS=master:721901a185ceb8a5bd042cfcf9b81052cf931d48
WARNING: no SHAs to merge, falling back to initial cloned commit

Showing logs for build [32mjstrachan-environment-jstrachan-bs4tz-1[0m stage [32mfrom-build-pack[0m and container [32mstep-setup-jx-git-credentials[0m
Generated Git credentials file /builder/home/git/credentials

Showing logs for build [32mjstrachan-environment-jstrachan-bs4tz-1[0m stage [32mfrom-build-pack[0m and container [32mstep-build-helm-apply[0m
Modified file /workspace/source/env/Chart.yaml to set the chart to version 1
Namespace **-staging created 
Ignoring templates/.gitignore
WARNING: No $CHART_REPOSITORY defined so using the default value of: http://jenkins-x-chartmuseum:8080
Adding missing Helm repo: storage.googleapis.com https://storage.googleapis.com/chartmuseum.jenkins-x.io
Successfully added Helm repository storage.googleapis.com.
Adding missing Helm repo: jenkins-x-chartmuseum http://jenkins-x-chartmuseum:8080
Successfully added Helm repository jenkins-x-chartmuseum.
WARNING: No $CHART_REPOSITORY defined so using the default value of: http://jenkins-x-chartmuseum:8080
Adding missing Helm repo: chartmuseum.jenkins-x.io http://chartmuseum.jenkins-x.io
Successfully added Helm repository chartmuseum.jenkins-x.io.


