
Showing logs for build [32mjstrachan-environment-jstrachan-q7gwf-1[0m stage [32mfrom-build-pack[0m and container [32mstep-credential-initializer-rsngf[0m
{"level":"warn","ts":1574188091.5487847,"logger":"fallback-logger","caller":"logging/config.go:69","msg":"Fetch GitHub commit ID from kodata failed: \"ref: refs/heads/master\" is not a valid GitHub commit ID"}
{"level":"info","ts":1574188091.549641,"logger":"fallback-logger","caller":"creds-init/main.go:40","msg":"Credentials initialized."}

Showing logs for build [32mjstrachan-environment-jstrachan-q7gwf-1[0m stage [32mfrom-build-pack[0m and container [32mstep-working-dir-initializer-4dcxx[0m
{"level":"warn","ts":1574188092.115522,"logger":"fallback-logger","caller":"logging/config.go:69","msg":"Fetch GitHub commit ID from kodata failed: open /var/run/ko/HEAD: no such file or directory"}
{"level":"info","ts":1574188092.119354,"logger":"fallback-logger","caller":"bash/main.go:65","msg":"Successfully executed command \"mkdir -p /workspace/source\""}

Showing logs for build [32mjstrachan-environment-jstrachan-q7gwf-1[0m stage [32mfrom-build-pack[0m and container [32mstep-place-tools[0m

Showing logs for build [32mjstrachan-environment-jstrachan-q7gwf-1[0m stage [32mfrom-build-pack[0m and container [32mstep-git-source-jstrachan-environment-jstrachan-z7xsn[0m
{"level":"warn","ts":1574188096.3420215,"logger":"fallback-logger","caller":"logging/config.go:69","msg":"Fetch GitHub commit ID from kodata failed: \"ref: refs/heads/master\" is not a valid GitHub commit ID"}
{"level":"info","ts":1574188096.7697272,"logger":"fallback-logger","caller":"git/git.go:102","msg":"Successfully cloned https://github.com/*********/environment-*********-prow-staging.git @ master in path /workspace/source"}

Showing logs for build [32mjstrachan-environment-jstrachan-q7gwf-1[0m stage [32mfrom-build-pack[0m and container [32mstep-git-merge[0m
Using SHAs from PULL_REFS=master:c5e38038e6d034d2a30cf5daad2ff53af27043d9,2:654a327d1c604787ac7f13984f83c0b5e03829a0
DEBUG: ran git fetch --unshallow origin 654a327d1c604787ac7f13984f83c0b5e03829a0: c5e38038e6d034d2a30cf5daad2ff53af27043d9: in 
DEBUG: ran git checkout master in 
DEBUG: ran git reset --hard c5e38038e6d034d2a30cf5daad2ff53af27043d9 in 
DEBUG: ran clean --force -d . in 
DEBUG: ran git merge 654a327d1c604787ac7f13984f83c0b5e03829a0 in 
Merged SHA 654a327d1c604787ac7f13984f83c0b5e03829a0 with commit message 'chore: Promote nodey243 to version 0.0.2' into base branch master

Showing logs for build [32mjstrachan-environment-jstrachan-q7gwf-1[0m stage [32mfrom-build-pack[0m and container [32mstep-build-helm-build[0m
WARNING: No $CHART_REPOSITORY defined so using the default value of: http://jenkins-x-chartmuseum:8080
Adding missing Helm repo: storage.googleapis.com https://storage.googleapis.com/chartmuseum.jenkins-x.io
Successfully added Helm repository storage.googleapis.com.
Adding missing Helm repo: jenkins-x-chartmuseum http://jenkins-x-chartmuseum:8080
Successfully added Helm repository jenkins-x-chartmuseum.
WARNING: No $CHART_REPOSITORY defined so using the default value of: http://jenkins-x-chartmuseum:8080
Adding missing Helm repo: chartmuseum.build.cd.jenkins-x.io https://chartmuseum.build.cd.jenkins-x.io
error: failed to add chart repositories: failed to add Helm repository 'https://chartmuseum.build.cd.jenkins-x.io': prompting for creds for https://chartmuseum.build.cd.jenkins-x.io: checking status code of https://chartmuseum.build.cd.jenkins-x.io/index.yaml: Get https://chartmuseum.build.cd.jenkins-x.io/index.yaml: dial tcp 35.205.186.189:443: i/o timeout
[31m
Pipeline failed on stage 'from-build-pack' : container 'step-build-helm-build'. The execution of the pipeline has stopped.[0m
