
Showing logs for build [32mjstrachan-environment-jstrachan-5nc8w-2[0m stage [32mfrom-build-pack[0m and container [32mstep-credential-initializer-x7vsp[0m
{"level":"warn","ts":1574188232.616092,"logger":"fallback-logger","caller":"logging/config.go:69","msg":"Fetch GitHub commit ID from kodata failed: \"ref: refs/heads/master\" is not a valid GitHub commit ID"}
{"level":"info","ts":1574188232.617453,"logger":"fallback-logger","caller":"creds-init/main.go:40","msg":"Credentials initialized."}

Showing logs for build [32mjstrachan-environment-jstrachan-5nc8w-2[0m stage [32mfrom-build-pack[0m and container [32mstep-working-dir-initializer-rl2ws[0m
{"level":"warn","ts":1574188233.6929328,"logger":"fallback-logger","caller":"logging/config.go:69","msg":"Fetch GitHub commit ID from kodata failed: open /var/run/ko/HEAD: no such file or directory"}
{"level":"info","ts":1574188233.697129,"logger":"fallback-logger","caller":"bash/main.go:65","msg":"Successfully executed command \"mkdir -p /workspace/source\""}

Showing logs for build [32mjstrachan-environment-jstrachan-5nc8w-2[0m stage [32mfrom-build-pack[0m and container [32mstep-place-tools[0m

Showing logs for build [32mjstrachan-environment-jstrachan-5nc8w-2[0m stage [32mfrom-build-pack[0m and container [32mstep-git-source-jstrachan-environment-jstrachan-7rpcg[0m
{"level":"warn","ts":1574188239.8405252,"logger":"fallback-logger","caller":"logging/config.go:69","msg":"Fetch GitHub commit ID from kodata failed: \"ref: refs/heads/master\" is not a valid GitHub commit ID"}
{"level":"info","ts":1574188240.328386,"logger":"fallback-logger","caller":"git/git.go:102","msg":"Successfully cloned https://github.com/*********/environment-*********-prow-staging.git @ master in path /workspace/source"}

Showing logs for build [32mjstrachan-environment-jstrachan-5nc8w-2[0m stage [32mfrom-build-pack[0m and container [32mstep-git-merge[0m
Using SHAs from PULL_REFS=master:c5e38038e6d034d2a30cf5daad2ff53af27043d9,2:220d632c8d4ef7858dd1f04a8cea96e2c212e28b
DEBUG: ran git fetch --unshallow origin 220d632c8d4ef7858dd1f04a8cea96e2c212e28b: c5e38038e6d034d2a30cf5daad2ff53af27043d9: in 
DEBUG: ran git checkout master in 
DEBUG: ran git reset --hard c5e38038e6d034d2a30cf5daad2ff53af27043d9 in 
DEBUG: ran clean --force -d . in 
DEBUG: ran git merge 220d632c8d4ef7858dd1f04a8cea96e2c212e28b in 
Merged SHA 220d632c8d4ef7858dd1f04a8cea96e2c212e28b with commit message 'Update requirements.yaml' into base branch master
Merged SHA 654a327d1c604787ac7f13984f83c0b5e03829a0 with commit message 'chore: Promote nodey243 to version 0.0.2' into base branch master

Showing logs for build [32mjstrachan-environment-jstrachan-5nc8w-2[0m stage [32mfrom-build-pack[0m and container [32mstep-build-helm-build[0m
WARNING: No $CHART_REPOSITORY defined so using the default value of: http://jenkins-x-chartmuseum:8080
Adding missing Helm repo: storage.googleapis.com https://storage.googleapis.com/chartmuseum.jenkins-x.io
Successfully added Helm repository storage.googleapis.com.
Adding missing Helm repo: jenkins-x-chartmuseum http://jenkins-x-chartmuseum:8080
Successfully added Helm repository jenkins-x-chartmuseum.
WARNING: No $CHART_REPOSITORY defined so using the default value of: http://jenkins-x-chartmuseum:8080
error: failed to build the dependencies of chart '.': failed to run 'helm dependency build' command in directory '.', output: 'Hang tight while we grab the latest from your chart repositories...
...Unable to get an update from the "local" chart repository (http://127.0.0.1:8879/charts):
	Get http://127.0.0.1:8879/charts/index.yaml: dial tcp 127.0.0.1:8879: connect: connection refused
...Successfully got an update from the "jenkins-x-chartmuseum" chart repository
...Successfully got an update from the "storage.googleapis.com" chart repository
...Successfully got an update from the "stable" chart repository
Update Complete.
Error: exposecontroller chart not found in repo http://jenkins-x-chartmuseum:8080'
[31m
Pipeline failed on stage 'from-build-pack' : container 'step-build-helm-build'. The execution of the pipeline has stopped.[0m
